node:events:497
      throw er; // Unhandled 'error' event
      ^

Error: listen EADDRINUSE: address already in use :::5000
    at Server.setupListenHandle [as _listen2] (node:net:1904:16)
    at listenInCluster (node:net:1961:12)
    at Server.listen (node:net:2063:7)
    at Function.listen (d:\Bajaj_Project\backend\node_modules\express\lib\application.js:635:24)
    at file:///d:/Bajaj_Project/backend/server.js:6:5
    at ModuleJob.run (node:internal/modules/esm/module_job:222:25)
    at async ModuleLoader.import (node:internal/modules/esm/loader:316:24)
    at async asyncRunEntryPointWithESMLoader (node:internal/modules/run_main:123:5)
Emitted 'error' event on Server instance at:
    at emitErrorNT (node:net:1940:8)
    at process.processTicksAndRejections (node:internal/process/task_queues:82:21) {
  code: 'EADDRINUSE',
  errno: -4091,
  syscall: 'listen',
  address: '::',
  port: 5000
}

Node.js v20.16.0
